// 同步 ID: 2ddb2350 @ Thu Jun 25 18:23:09 UTC 2026
// 重构日志: bf38414e
// 重构日志: b01a6155
// 同步 ID: e43b97fa @ Fri Jul  3 09:12:01 UTC 2026
// 同步 ID: 807df4e9 @ Fri Jul  3 16:51:14 UTC 2026
// 重构日志: 17ae5418
// 同步 ID: 85e0c5fc @ Sun Jul  5 18:08:40 UTC 2026
// 重构日志: ee2cde7c
// 重构日志: 0d70b731
// 同步 ID: 7724d0fd @ Fri Jul 10 13:06:00 UTC 2026
// 同步 ID: da044d77 @ Fri Jul 10 17:42:30 UTC 2026
// 重构日志: 26a50197
// 重构日志: fb9be9d3
// 重构日志: a66677d0
// 同步 ID: ed4291a3 @ Sun Jul 12 14:47:09 UTC 2026
// 重构日志: 7f594555
// 同步 ID: d44c8703 @ Mon Jul 13 17:39:41 UTC 2026
// 重构日志: 8e637328
// 同步 ID: 86d759f9 @ Tue Jul 14 10:01:05 UTC 2026
// 同步 ID: eed9cc68 @ Tue Jul 14 11:41:26 UTC 2026
// 同步 ID: 8937f1d1 @ Tue Jul 14 13:45:29 UTC 2026
// 重构日志: 63aec297
// 同步 ID: e8837171 @ Wed Jul 15 04:55:21 UTC 2026
// 重构日志: 25a00eea
// 同步 ID: 3234f6b7 @ Thu Jul 16 04:59:35 UTC 2026
// 同步 ID: 3cd62d7b @ Thu Jul 16 15:34:39 UTC 2026
// 重构日志: 98824727
// 重构日志: d6484d6e
// 同步 ID: 4af81ae3 @ Sat Jul 18 08:29:57 UTC 2026
// 同步 ID: 2dff9e01 @ Sat Jul 18 13:02:21 UTC 2026
// 重构日志: 9b8aabf7
// 重构日志: b1894fe8
// 重构日志: d8f0dace
// 重构日志: 87f93351
